<?xml version="1.0" encoding="UTF-8"?>
<!-- Generated by org.testng.reporters.JUnitXMLReporter -->
<testsuite ignored="0" hostname="IN-9NSZ9K3" failures="0" tests="6" name="Test" time="101.188" errors="0" timestamp="2023-05-02T19:20:49 IST">
  <testcase classname="com.assignment.testcases.SaleTest" name="selectProductAddToWishList" time="5.669"/>
  <testcase classname="com.assignment.testcases.SaleTest" name="selectProductAddToWishList" time="5.837"/>
  <testcase classname="com.assignment.testcases.SaleTest" name="selectProductAddToWishList" time="8.922"/>
  <testcase classname="com.assignment.testcases.SaleTest" name="selectProductandNavigateToCheckOut" time="6.344"/>
  <testcase classname="com.assignment.testcases.SaleTest" name="selectProductandNavigateToCheckOut" time="6.566"/>
  <testcase classname="com.assignment.testcases.SaleTest" name="selectProductandNavigateToCheckOut" time="6.622"/>
</testsuite> <!-- Test -->
