<?xml version="1.0" encoding="UTF-8"?>
<testng-results ignored="0" total="6" passed="6" failed="0" skipped="0">
  <reporter-output>
  </reporter-output>
  <suite started-at="2023-05-02T19:19:08 IST" name="Suite" finished-at="2023-05-02T19:20:49 IST" duration-ms="101188">
    <groups>
      <group name="Sanity">
        <method signature="SaleTest.selectProductAddToWishList(java.lang.String,java.lang.String,java.lang.String,java.lang.String)[pri:0, instance:com.assignment.testcases.SaleTest@710c2b53]" name="selectProductAddToWishList" class="com.assignment.testcases.SaleTest"/>
        <method signature="SaleTest.selectProductandNavigateToCheckOut(java.lang.String,java.lang.String,java.lang.String,java.lang.String)[pri:1, instance:com.assignment.testcases.SaleTest@710c2b53]" name="selectProductandNavigateToCheckOut" class="com.assignment.testcases.SaleTest"/>
      </group> <!-- Sanity -->
      <group name="Parallel">
        <method signature="SaleTest.selectProductAddToWishList(java.lang.String,java.lang.String,java.lang.String,java.lang.String)[pri:0, instance:com.assignment.testcases.SaleTest@710c2b53]" name="selectProductAddToWishList" class="com.assignment.testcases.SaleTest"/>
      </group> <!-- Parallel -->
    </groups>
    <test started-at="2023-05-02T19:19:08 IST" name="Test" finished-at="2023-05-02T19:20:49 IST" duration-ms="101188">
      <class name="com.assignment.testcases.SaleTest">
        <test-method is-config="true" signature="setup()[pri:0, instance:com.assignment.testcases.SaleTest@710c2b53]" started-at="2023-05-02T19:19:08 IST" name="setup" finished-at="2023-05-02T19:19:08 IST" duration-ms="8" status="PASS">
          <reporter-output>
          </reporter-output>
        </test-method> <!-- setup -->
        <test-method is-config="true" signature="beforeClass()[pri:0, instance:com.assignment.testcases.SaleTest@710c2b53]" started-at="2023-05-02T19:19:08 IST" name="beforeClass" finished-at="2023-05-02T19:19:08 IST" duration-ms="0" status="PASS">
          <reporter-output>
          </reporter-output>
        </test-method> <!-- beforeClass -->
        <test-method is-config="true" signature="beforeMethod()[pri:0, instance:com.assignment.testcases.SaleTest@710c2b53]" started-at="2023-05-02T19:19:08 IST" name="beforeMethod" finished-at="2023-05-02T19:19:17 IST" duration-ms="9415" status="PASS">
          <reporter-output>
          </reporter-output>
        </test-method> <!-- beforeMethod -->
        <test-method signature="selectProductAddToWishList(java.lang.String,java.lang.String,java.lang.String,java.lang.String)[pri:0, instance:com.assignment.testcases.SaleTest@710c2b53]" started-at="2023-05-02T19:19:17 IST" name="selectProductAddToWishList" data-provider="productDataProvider" finished-at="2023-05-02T19:19:23 IST" duration-ms="5669" status="PASS">
          <params>
            <param index="0">
              <value>
                <![CDATA[Eos V-Neck Hoodie]]>
              </value>
            </param>
            <param index="1">
              <value>
                <![CDATA[Blue]]>
              </value>
            </param>
            <param index="2">
              <value>
                <![CDATA[S]]>
              </value>
            </param>
            <param index="3">
              <value>
                <![CDATA[1]]>
              </value>
            </param>
          </params>
          <reporter-output>
          </reporter-output>
        </test-method> <!-- selectProductAddToWishList -->
        <test-method is-config="true" signature="afterMethod()[pri:0, instance:com.assignment.testcases.SaleTest@710c2b53]" started-at="2023-05-02T19:19:23 IST" name="afterMethod" finished-at="2023-05-02T19:19:23 IST" duration-ms="149" status="PASS">
          <reporter-output>
          </reporter-output>
        </test-method> <!-- afterMethod -->
        <test-method is-config="true" signature="beforeMethod()[pri:0, instance:com.assignment.testcases.SaleTest@710c2b53]" started-at="2023-05-02T19:19:23 IST" name="beforeMethod" finished-at="2023-05-02T19:19:32 IST" duration-ms="9038" status="PASS">
          <reporter-output>
          </reporter-output>
        </test-method> <!-- beforeMethod -->
        <test-method signature="selectProductAddToWishList(java.lang.String,java.lang.String,java.lang.String,java.lang.String)[pri:0, instance:com.assignment.testcases.SaleTest@710c2b53]" started-at="2023-05-02T19:19:32 IST" name="selectProductAddToWishList" data-provider="productDataProvider" finished-at="2023-05-02T19:19:38 IST" duration-ms="5837" status="PASS">
          <params>
            <param index="0">
              <value>
                <![CDATA[Ariel Roll Sleeve Sweatshirt]]>
              </value>
            </param>
            <param index="1">
              <value>
                <![CDATA[Green]]>
              </value>
            </param>
            <param index="2">
              <value>
                <![CDATA[M]]>
              </value>
            </param>
            <param index="3">
              <value>
                <![CDATA[2]]>
              </value>
            </param>
          </params>
          <reporter-output>
          </reporter-output>
        </test-method> <!-- selectProductAddToWishList -->
        <test-method is-config="true" signature="afterMethod()[pri:0, instance:com.assignment.testcases.SaleTest@710c2b53]" started-at="2023-05-02T19:19:38 IST" name="afterMethod" finished-at="2023-05-02T19:19:38 IST" duration-ms="122" status="PASS">
          <reporter-output>
          </reporter-output>
        </test-method> <!-- afterMethod -->
        <test-method is-config="true" signature="beforeMethod()[pri:0, instance:com.assignment.testcases.SaleTest@710c2b53]" started-at="2023-05-02T19:19:38 IST" name="beforeMethod" finished-at="2023-05-02T19:19:51 IST" duration-ms="13251" status="PASS">
          <reporter-output>
          </reporter-output>
        </test-method> <!-- beforeMethod -->
        <test-method signature="selectProductAddToWishList(java.lang.String,java.lang.String,java.lang.String,java.lang.String)[pri:0, instance:com.assignment.testcases.SaleTest@710c2b53]" started-at="2023-05-02T19:19:51 IST" name="selectProductAddToWishList" data-provider="productDataProvider" finished-at="2023-05-02T19:20:00 IST" duration-ms="8922" status="PASS">
          <params>
            <param index="0">
              <value>
                <![CDATA[Phoebe Zipper Sweatshirt]]>
              </value>
            </param>
            <param index="1">
              <value>
                <![CDATA[Gray]]>
              </value>
            </param>
            <param index="2">
              <value>
                <![CDATA[L]]>
              </value>
            </param>
            <param index="3">
              <value>
                <![CDATA[3]]>
              </value>
            </param>
          </params>
          <reporter-output>
          </reporter-output>
        </test-method> <!-- selectProductAddToWishList -->
        <test-method is-config="true" signature="afterMethod()[pri:0, instance:com.assignment.testcases.SaleTest@710c2b53]" started-at="2023-05-02T19:20:00 IST" name="afterMethod" finished-at="2023-05-02T19:20:01 IST" duration-ms="119" status="PASS">
          <reporter-output>
          </reporter-output>
        </test-method> <!-- afterMethod -->
        <test-method is-config="true" signature="beforeMethod()[pri:0, instance:com.assignment.testcases.SaleTest@710c2b53]" started-at="2023-05-02T19:20:01 IST" name="beforeMethod" finished-at="2023-05-02T19:20:10 IST" duration-ms="9780" status="PASS">
          <reporter-output>
          </reporter-output>
        </test-method> <!-- beforeMethod -->
        <test-method signature="selectProductandNavigateToCheckOut(java.lang.String,java.lang.String,java.lang.String,java.lang.String)[pri:1, instance:com.assignment.testcases.SaleTest@710c2b53]" started-at="2023-05-02T19:20:10 IST" name="selectProductandNavigateToCheckOut" data-provider="productDataProvider" finished-at="2023-05-02T19:20:17 IST" duration-ms="6344" status="PASS">
          <params>
            <param index="0">
              <value>
                <![CDATA[Eos V-Neck Hoodie]]>
              </value>
            </param>
            <param index="1">
              <value>
                <![CDATA[Blue]]>
              </value>
            </param>
            <param index="2">
              <value>
                <![CDATA[S]]>
              </value>
            </param>
            <param index="3">
              <value>
                <![CDATA[1]]>
              </value>
            </param>
          </params>
          <reporter-output>
          </reporter-output>
        </test-method> <!-- selectProductandNavigateToCheckOut -->
        <test-method is-config="true" signature="afterMethod()[pri:0, instance:com.assignment.testcases.SaleTest@710c2b53]" started-at="2023-05-02T19:20:17 IST" name="afterMethod" finished-at="2023-05-02T19:20:17 IST" duration-ms="125" status="PASS">
          <reporter-output>
          </reporter-output>
        </test-method> <!-- afterMethod -->
        <test-method is-config="true" signature="beforeMethod()[pri:0, instance:com.assignment.testcases.SaleTest@710c2b53]" started-at="2023-05-02T19:20:17 IST" name="beforeMethod" finished-at="2023-05-02T19:20:26 IST" duration-ms="9294" status="PASS">
          <reporter-output>
          </reporter-output>
        </test-method> <!-- beforeMethod -->
        <test-method signature="selectProductandNavigateToCheckOut(java.lang.String,java.lang.String,java.lang.String,java.lang.String)[pri:1, instance:com.assignment.testcases.SaleTest@710c2b53]" started-at="2023-05-02T19:20:26 IST" name="selectProductandNavigateToCheckOut" data-provider="productDataProvider" finished-at="2023-05-02T19:20:33 IST" duration-ms="6566" status="PASS">
          <params>
            <param index="0">
              <value>
                <![CDATA[Ariel Roll Sleeve Sweatshirt]]>
              </value>
            </param>
            <param index="1">
              <value>
                <![CDATA[Green]]>
              </value>
            </param>
            <param index="2">
              <value>
                <![CDATA[M]]>
              </value>
            </param>
            <param index="3">
              <value>
                <![CDATA[2]]>
              </value>
            </param>
          </params>
          <reporter-output>
          </reporter-output>
        </test-method> <!-- selectProductandNavigateToCheckOut -->
        <test-method is-config="true" signature="afterMethod()[pri:0, instance:com.assignment.testcases.SaleTest@710c2b53]" started-at="2023-05-02T19:20:33 IST" name="afterMethod" finished-at="2023-05-02T19:20:33 IST" duration-ms="138" status="PASS">
          <reporter-output>
          </reporter-output>
        </test-method> <!-- afterMethod -->
        <test-method is-config="true" signature="beforeMethod()[pri:0, instance:com.assignment.testcases.SaleTest@710c2b53]" started-at="2023-05-02T19:20:33 IST" name="beforeMethod" finished-at="2023-05-02T19:20:42 IST" duration-ms="9419" status="PASS">
          <reporter-output>
          </reporter-output>
        </test-method> <!-- beforeMethod -->
        <test-method signature="selectProductandNavigateToCheckOut(java.lang.String,java.lang.String,java.lang.String,java.lang.String)[pri:1, instance:com.assignment.testcases.SaleTest@710c2b53]" started-at="2023-05-02T19:20:42 IST" name="selectProductandNavigateToCheckOut" data-provider="productDataProvider" finished-at="2023-05-02T19:20:49 IST" duration-ms="6622" status="PASS">
          <params>
            <param index="0">
              <value>
                <![CDATA[Phoebe Zipper Sweatshirt]]>
              </value>
            </param>
            <param index="1">
              <value>
                <![CDATA[Gray]]>
              </value>
            </param>
            <param index="2">
              <value>
                <![CDATA[L]]>
              </value>
            </param>
            <param index="3">
              <value>
                <![CDATA[3]]>
              </value>
            </param>
          </params>
          <reporter-output>
          </reporter-output>
        </test-method> <!-- selectProductandNavigateToCheckOut -->
        <test-method is-config="true" signature="afterMethod()[pri:0, instance:com.assignment.testcases.SaleTest@710c2b53]" started-at="2023-05-02T19:20:49 IST" name="afterMethod" finished-at="2023-05-02T19:20:49 IST" duration-ms="228" status="PASS">
          <reporter-output>
          </reporter-output>
        </test-method> <!-- afterMethod -->
        <test-method is-config="true" signature="afterClass()[pri:0, instance:com.assignment.testcases.SaleTest@710c2b53]" started-at="2023-05-02T19:20:49 IST" name="afterClass" finished-at="2023-05-02T19:20:49 IST" duration-ms="1" status="PASS">
          <reporter-output>
          </reporter-output>
        </test-method> <!-- afterClass -->
      </class> <!-- com.assignment.testcases.SaleTest -->
    </test> <!-- Test -->
  </suite> <!-- Suite -->
</testng-results>
